<?xml version="1.0" encoding="UTF-8"?>
<testng-results ignored="0" total="1" passed="1" failed="0" skipped="0">
  <reporter-output>
  </reporter-output>
  <suite started-at="2025-07-14T11:24:31 IST" name="AppiumJavaCucumberFramework" finished-at="2025-07-14T11:24:54 IST" duration-ms="22513">
    <groups>
      <group name="cucumber">
        <method signature="AbstractTestNGCucumberTests.runScenario(io.cucumber.testng.PickleWrapper,io.cucumber.testng.FeatureWrapper)[pri:0, instance:com.challengeapp.runners.TestRunner@4f74980d]" name="runScenario" class="io.cucumber.testng.AbstractTestNGCucumberTests"/>
      </group> <!-- cucumber -->
    </groups>
    <test started-at="2025-07-14T11:24:31 IST" name="ChallengeTests" finished-at="2025-07-14T11:24:54 IST" duration-ms="22513">
      <class name="com.challengeapp.runners.TestRunner">
        <test-method is-config="true" signature="setUpClass(org.testng.ITestContext)[pri:0, instance:com.challengeapp.runners.TestRunner@4f74980d]" started-at="2025-07-14T11:24:31 IST" name="setUpClass" finished-at="2025-07-14T11:24:32 IST" duration-ms="745" status="PASS">
          <params>
            <param index="0">
              <value>
                <![CDATA[org.testng.TestRunner@7962a746]]>
              </value>
            </param>
          </params>
          <reporter-output>
          </reporter-output>
        </test-method> <!-- setUpClass -->
        <test-method is-config="true" signature="setupProperties()[pri:0, instance:com.challengeapp.runners.TestRunner@4f74980d]" started-at="2025-07-14T11:24:32 IST" name="setupProperties" finished-at="2025-07-14T11:24:33 IST" duration-ms="815" status="PASS">
          <reporter-output>
          </reporter-output>
        </test-method> <!-- setupProperties -->
        <test-method signature="runScenario(io.cucumber.testng.PickleWrapper,io.cucumber.testng.FeatureWrapper)[pri:0, instance:com.challengeapp.runners.TestRunner@4f74980d]" started-at="2025-07-14T11:24:33 IST" name="runScenario" description="Runs Cucumber Scenarios" data-provider="scenarios" finished-at="2025-07-14T11:24:53 IST" duration-ms="20503" status="PASS">
          <params>
            <param index="0">
              <value>
                <![CDATA["Verify Hotels are displayed"]]>
              </value>
            </param>
            <param index="1">
              <value>
                <![CDATA["Home Page Functionality"]]>
              </value>
            </param>
          </params>
          <reporter-output>
          </reporter-output>
        </test-method> <!-- runScenario -->
        <test-method is-config="true" signature="tearDownClass()[pri:0, instance:com.challengeapp.runners.TestRunner@4f74980d]" started-at="2025-07-14T11:24:53 IST" name="tearDownClass" finished-at="2025-07-14T11:24:54 IST" duration-ms="418" status="PASS">
          <reporter-output>
          </reporter-output>
        </test-method> <!-- tearDownClass -->
      </class> <!-- com.challengeapp.runners.TestRunner -->
    </test> <!-- ChallengeTests -->
  </suite> <!-- AppiumJavaCucumberFramework -->
</testng-results>
